<?xml version="1.0" encoding="UTF-8"?>
<!-- Generated by org.testng.reporters.JUnitXMLReporter -->
<testsuite hostname="EPBYMINW2702" name="Test" tests="14" failures="0" timestamp="27 Oct 2016 17:46:04 GMT" time="1.374" errors="0">
  <testcase name="positiveTest" time="0.576" classname="by.tc.ts.test.unit.RegistrationTest"/>
  <testcase name="negativTestOne" time="0.005" classname="by.tc.ts.test.unit.AuthirizationTest"/>
  <testcase name="positiveTest" time="0.006" classname="by.tc.ts.test.unit.AuthirizationTest"/>
  <testcase name="negativeTestOne" time="0.003" classname="by.tc.ts.test.unit.SetNewSubjectTest"/>
  <testcase name="positiveTest" time="0.266" classname="by.tc.ts.test.unit.SetNewSubjectTest"/>
  <testcase name="negativeTestOne" time="0.002" classname="by.tc.ts.test.unit.SetNewQuestionTest"/>
  <testcase name="positivTest" time="0.191" classname="by.tc.ts.test.unit.SetNewQuestionTest"/>
  <testcase name="positiveTest" time="0.082" classname="by.tc.ts.test.unit.ShowSubjectListTest"/>
  <testcase name="secondPositiveTest" time="0.005" classname="by.tc.ts.test.unit.ShowSubjectListTest"/>
  <testcase name="negativeTest" time="0.001" classname="by.tc.ts.test.unit.ShowQuestionListTest"/>
  <testcase name="positiveTest" time="0.012" classname="by.tc.ts.test.unit.ShowQuestionListTest"/>
  <testcase name="positiveTestSecond" time="0.004" classname="by.tc.ts.test.unit.ShowQuestionListTest"/>
  <testcase name="negativTest" time="0.009" classname="by.tc.ts.test.unit.GoTestingUnitTest"/>
  <testcase name="positiveTest" time="0.004" classname="by.tc.ts.test.unit.GoTestingUnitTest"/>
</testsuite> <!-- Test -->
