<?xml version="1.0" encoding="UTF-8"?>
<testng-results skipped="0" failed="0" total="14" passed="14">
  <reporter-output>
  </reporter-output>
  <suite name="Suite" duration-ms="1374" started-at="2016-10-27T17:46:03Z" finished-at="2016-10-27T17:46:04Z">
    <groups>
    </groups>
    <test name="Test" duration-ms="1374" started-at="2016-10-27T17:46:03Z" finished-at="2016-10-27T17:46:04Z">
      <class name="by.tc.ts.test.unit.ShowSubjectListTest">
        <test-method status="PASS" signature="positiveTest(java.lang.String)[pri:0, instance:by.tc.ts.test.unit.ShowSubjectListTest@239a307b]" name="positiveTest" duration-ms="82" started-at="2016-10-27T20:46:04Z" data-provider="showSubjectPositiveTest" finished-at="2016-10-27T20:46:04Z">
          <params>
            <param index="0">
              <value>
                <![CDATA[SHOW_SUBJECT]]>
              </value>
            </param>
          </params>
          <reporter-output>
          </reporter-output>
        </test-method> <!-- positiveTest -->
        <test-method status="PASS" signature="secondPositiveTest(java.util.List)[pri:0, instance:by.tc.ts.test.unit.ShowSubjectListTest@239a307b]" name="secondPositiveTest" duration-ms="5" started-at="2016-10-27T20:46:04Z" data-provider="showSubjectPositiveTestSecond" finished-at="2016-10-27T20:46:04Z">
          <params>
            <param index="0">
              <value>
                <![CDATA[[MATH]]]>
              </value>
            </param>
          </params>
          <reporter-output>
          </reporter-output>
        </test-method> <!-- secondPositiveTest -->
      </class> <!-- by.tc.ts.test.unit.ShowSubjectListTest -->
      <class name="by.tc.ts.test.unit.RegistrationTest">
        <test-method status="PASS" signature="positiveTest(java.lang.String, java.lang.String, java.lang.String)[pri:0, instance:by.tc.ts.test.unit.RegistrationTest@2ab4bc72]" name="positiveTest" duration-ms="576" started-at="2016-10-27T20:46:03Z" data-provider="registrationPositiveTest" finished-at="2016-10-27T20:46:04Z">
          <params>
            <param index="0">
              <value>
                <![CDATA[NewUser]]>
              </value>
            </param>
            <param index="1">
              <value>
                <![CDATA[qwerty]]>
              </value>
            </param>
            <param index="2">
              <value>
                <![CDATA[REGISTRATION]]>
              </value>
            </param>
          </params>
          <reporter-output>
          </reporter-output>
        </test-method> <!-- positiveTest -->
      </class> <!-- by.tc.ts.test.unit.RegistrationTest -->
      <class name="by.tc.ts.test.unit.SetNewQuestionTest">
        <test-method status="PASS" signature="negativeTestOne()[pri:0, instance:by.tc.ts.test.unit.SetNewQuestionTest@43f02ef2]" name="negativeTestOne" duration-ms="2" started-at="2016-10-27T20:46:04Z" finished-at="2016-10-27T20:46:04Z">
          <exception class="java.lang.NullPointerException">
            <full-stacktrace>
              <![CDATA[java.lang.NullPointerException
	at by.tc.ts.bean.CreateNewQuestionRequest.setSubjName(CreateNewQuestionRequest.java:13)
	at by.tc.ts.test.unit.SetNewQuestionTest.negativeTestOne(SetNewQuestionTest.java:42)
	at sun.reflect.NativeMethodAccessorImpl.invoke0(Native Method)
	at sun.reflect.NativeMethodAccessorImpl.invoke(Unknown Source)
	at sun.reflect.DelegatingMethodAccessorImpl.invoke(Unknown Source)
	at java.lang.reflect.Method.invoke(Unknown Source)
	at org.testng.internal.MethodInvocationHelper.invokeMethod(MethodInvocationHelper.java:100)
	at org.testng.internal.Invoker.invokeMethod(Invoker.java:646)
	at org.testng.internal.Invoker.invokeTestMethod(Invoker.java:811)
	at org.testng.internal.Invoker.invokeTestMethods(Invoker.java:1137)
	at org.testng.internal.TestMethodWorker.invokeTestMethods(TestMethodWorker.java:129)
	at org.testng.internal.TestMethodWorker.run(TestMethodWorker.java:112)
	at org.testng.TestRunner.privateRun(TestRunner.java:753)
	at org.testng.TestRunner.run(TestRunner.java:607)
	at org.testng.SuiteRunner.runTest(SuiteRunner.java:368)
	at org.testng.SuiteRunner.runSequentially(SuiteRunner.java:363)
	at org.testng.SuiteRunner.privateRun(SuiteRunner.java:321)
	at org.testng.SuiteRunner.run(SuiteRunner.java:270)
	at org.testng.SuiteRunnerWorker.runSuite(SuiteRunnerWorker.java:52)
	at org.testng.SuiteRunnerWorker.run(SuiteRunnerWorker.java:86)
	at org.testng.TestNG.runSuitesSequentially(TestNG.java:1284)
	at org.testng.TestNG.runSuitesLocally(TestNG.java:1209)
	at org.testng.TestNG.runSuites(TestNG.java:1124)
	at org.testng.TestNG.run(TestNG.java:1096)
	at org.testng.remote.AbstractRemoteTestNG.run(AbstractRemoteTestNG.java:132)
	at org.testng.remote.RemoteTestNG.initAndRun(RemoteTestNG.java:236)
	at org.testng.remote.RemoteTestNG.main(RemoteTestNG.java:81)
]]>
            </full-stacktrace>
          </exception> <!-- java.lang.NullPointerException -->
          <reporter-output>
          </reporter-output>
        </test-method> <!-- negativeTestOne -->
        <test-method status="PASS" signature="positivTest(java.lang.String, java.lang.String, int, java.lang.String)[pri:0, instance:by.tc.ts.test.unit.SetNewQuestionTest@43f02ef2]" name="positivTest" duration-ms="191" started-at="2016-10-27T20:46:04Z" data-provider="setNewQuestionPositiveTest" finished-at="2016-10-27T20:46:04Z">
          <params>
            <param index="0">
              <value>
                <![CDATA[MATH]]>
              </value>
            </param>
            <param index="1">
              <value>
                <![CDATA[Решите уравнение: x=2x-150
		1. x = 50
		2. x = -150
		3. x = 150
		4. x = -50]]>
              </value>
            </param>
            <param index="2">
              <value>
                <![CDATA[3]]>
              </value>
            </param>
            <param index="3">
              <value>
                <![CDATA[CREATE_NEW_QUESTION]]>
              </value>
            </param>
          </params>
          <reporter-output>
          </reporter-output>
        </test-method> <!-- positivTest -->
      </class> <!-- by.tc.ts.test.unit.SetNewQuestionTest -->
      <class name="by.tc.ts.test.unit.GoTestingUnitTest">
        <test-method status="PASS" signature="negativTest(java.lang.String, java.util.List)[pri:0, instance:by.tc.ts.test.unit.GoTestingUnitTest@6f204a1a]" name="negativTest" duration-ms="9" started-at="2016-10-27T20:46:04Z" data-provider="goTestingNegativeTest" finished-at="2016-10-27T20:46:04Z">
          <params>
            <param index="0">
              <value>
                <![CDATA[]]>
              </value>
            </param>
            <param index="1">
              <value>
                <![CDATA[[5]]]>
              </value>
            </param>
          </params>
          <reporter-output>
          </reporter-output>
        </test-method> <!-- negativTest -->
        <test-method status="PASS" signature="positiveTest(java.lang.String, java.util.List)[pri:0, instance:by.tc.ts.test.unit.GoTestingUnitTest@6f204a1a]" name="positiveTest" duration-ms="4" started-at="2016-10-27T20:46:04Z" data-provider="goTestingPositiveTest" finished-at="2016-10-27T20:46:04Z">
          <params>
            <param index="0">
              <value>
                <![CDATA[MATH]]>
              </value>
            </param>
            <param index="1">
              <value>
                <![CDATA[[3]]]>
              </value>
            </param>
          </params>
          <reporter-output>
          </reporter-output>
        </test-method> <!-- positiveTest -->
      </class> <!-- by.tc.ts.test.unit.GoTestingUnitTest -->
      <class name="by.tc.ts.test.unit.AuthirizationTest">
        <test-method status="PASS" signature="negativTestOne(java.lang.String, java.lang.String)[pri:0, instance:by.tc.ts.test.unit.AuthirizationTest@740fb309]" name="negativTestOne" duration-ms="5" started-at="2016-10-27T20:46:04Z" data-provider="authorizationNegativeTest" finished-at="2016-10-27T20:46:04Z">
          <params>
            <param index="0">
              <value>
                <![CDATA[Unknown]]>
              </value>
            </param>
            <param index="1">
              <value>
                <![CDATA[qwerty]]>
              </value>
            </param>
          </params>
          <reporter-output>
          </reporter-output>
        </test-method> <!-- negativTestOne -->
        <test-method status="PASS" signature="positiveTest(java.lang.String, java.lang.String)[pri:0, instance:by.tc.ts.test.unit.AuthirizationTest@740fb309]" name="positiveTest" duration-ms="6" started-at="2016-10-27T20:46:04Z" data-provider="authorizationPositiveTest" finished-at="2016-10-27T20:46:04Z">
          <params>
            <param index="0">
              <value>
                <![CDATA[NewUser]]>
              </value>
            </param>
            <param index="1">
              <value>
                <![CDATA[qwerty]]>
              </value>
            </param>
          </params>
          <reporter-output>
          </reporter-output>
        </test-method> <!-- positiveTest -->
      </class> <!-- by.tc.ts.test.unit.AuthirizationTest -->
      <class name="by.tc.ts.test.unit.ShowQuestionListTest">
        <test-method status="PASS" signature="negativeTest()[pri:0, instance:by.tc.ts.test.unit.ShowQuestionListTest@2a8448fa]" name="negativeTest" duration-ms="1" started-at="2016-10-27T20:46:04Z" finished-at="2016-10-27T20:46:04Z">
          <exception class="java.lang.NullPointerException">
            <full-stacktrace>
              <![CDATA[java.lang.NullPointerException
	at by.tc.ts.bean.ShowQuestionListRequest.setSubjName(ShowQuestionListRequest.java:13)
	at by.tc.ts.test.unit.ShowQuestionListTest.negativeTest(ShowQuestionListTest.java:46)
	at sun.reflect.NativeMethodAccessorImpl.invoke0(Native Method)
	at sun.reflect.NativeMethodAccessorImpl.invoke(Unknown Source)
	at sun.reflect.DelegatingMethodAccessorImpl.invoke(Unknown Source)
	at java.lang.reflect.Method.invoke(Unknown Source)
	at org.testng.internal.MethodInvocationHelper.invokeMethod(MethodInvocationHelper.java:100)
	at org.testng.internal.Invoker.invokeMethod(Invoker.java:646)
	at org.testng.internal.Invoker.invokeTestMethod(Invoker.java:811)
	at org.testng.internal.Invoker.invokeTestMethods(Invoker.java:1137)
	at org.testng.internal.TestMethodWorker.invokeTestMethods(TestMethodWorker.java:129)
	at org.testng.internal.TestMethodWorker.run(TestMethodWorker.java:112)
	at org.testng.TestRunner.privateRun(TestRunner.java:753)
	at org.testng.TestRunner.run(TestRunner.java:607)
	at org.testng.SuiteRunner.runTest(SuiteRunner.java:368)
	at org.testng.SuiteRunner.runSequentially(SuiteRunner.java:363)
	at org.testng.SuiteRunner.privateRun(SuiteRunner.java:321)
	at org.testng.SuiteRunner.run(SuiteRunner.java:270)
	at org.testng.SuiteRunnerWorker.runSuite(SuiteRunnerWorker.java:52)
	at org.testng.SuiteRunnerWorker.run(SuiteRunnerWorker.java:86)
	at org.testng.TestNG.runSuitesSequentially(TestNG.java:1284)
	at org.testng.TestNG.runSuitesLocally(TestNG.java:1209)
	at org.testng.TestNG.runSuites(TestNG.java:1124)
	at org.testng.TestNG.run(TestNG.java:1096)
	at org.testng.remote.AbstractRemoteTestNG.run(AbstractRemoteTestNG.java:132)
	at org.testng.remote.RemoteTestNG.initAndRun(RemoteTestNG.java:236)
	at org.testng.remote.RemoteTestNG.main(RemoteTestNG.java:81)
]]>
            </full-stacktrace>
          </exception> <!-- java.lang.NullPointerException -->
          <reporter-output>
          </reporter-output>
        </test-method> <!-- negativeTest -->
        <test-method status="PASS" signature="positiveTest(java.lang.String, java.lang.String)[pri:0, instance:by.tc.ts.test.unit.ShowQuestionListTest@2a8448fa]" name="positiveTest" duration-ms="12" started-at="2016-10-27T20:46:04Z" data-provider="showQuestionPositiveTest" finished-at="2016-10-27T20:46:04Z">
          <params>
            <param index="0">
              <value>
                <![CDATA[MATH]]>
              </value>
            </param>
            <param index="1">
              <value>
                <![CDATA[SHOW_QUESTION]]>
              </value>
            </param>
          </params>
          <reporter-output>
          </reporter-output>
        </test-method> <!-- positiveTest -->
        <test-method status="PASS" signature="positiveTestSecond(java.lang.String, java.util.List)[pri:0, instance:by.tc.ts.test.unit.ShowQuestionListTest@2a8448fa]" name="positiveTestSecond" duration-ms="4" started-at="2016-10-27T20:46:04Z" data-provider="showQuestionPositiveTestSecond" finished-at="2016-10-27T20:46:04Z">
          <params>
            <param index="0">
              <value>
                <![CDATA[MATH]]>
              </value>
            </param>
            <param index="1">
              <value>
                <![CDATA[[Решите уравнение: x=2x-150
		1. x = 50
		2. x = -150
		3. x = 150
		4. x = -50]]]>
              </value>
            </param>
          </params>
          <reporter-output>
          </reporter-output>
        </test-method> <!-- positiveTestSecond -->
      </class> <!-- by.tc.ts.test.unit.ShowQuestionListTest -->
      <class name="by.tc.ts.test.unit.SetNewSubjectTest">
        <test-method status="PASS" signature="negativeTestOne()[pri:0, instance:by.tc.ts.test.unit.SetNewSubjectTest@7bd7d6d6]" name="negativeTestOne" duration-ms="3" started-at="2016-10-27T20:46:04Z" finished-at="2016-10-27T20:46:04Z">
          <exception class="java.lang.NullPointerException">
            <full-stacktrace>
              <![CDATA[java.lang.NullPointerException
	at by.tc.ts.bean.CreateNewSubjectRequest.setSubjName(CreateNewSubjectRequest.java:12)
	at by.tc.ts.test.unit.SetNewSubjectTest.negativeTestOne(SetNewSubjectTest.java:38)
	at sun.reflect.NativeMethodAccessorImpl.invoke0(Native Method)
	at sun.reflect.NativeMethodAccessorImpl.invoke(Unknown Source)
	at sun.reflect.DelegatingMethodAccessorImpl.invoke(Unknown Source)
	at java.lang.reflect.Method.invoke(Unknown Source)
	at org.testng.internal.MethodInvocationHelper.invokeMethod(MethodInvocationHelper.java:100)
	at org.testng.internal.Invoker.invokeMethod(Invoker.java:646)
	at org.testng.internal.Invoker.invokeTestMethod(Invoker.java:811)
	at org.testng.internal.Invoker.invokeTestMethods(Invoker.java:1137)
	at org.testng.internal.TestMethodWorker.invokeTestMethods(TestMethodWorker.java:129)
	at org.testng.internal.TestMethodWorker.run(TestMethodWorker.java:112)
	at org.testng.TestRunner.privateRun(TestRunner.java:753)
	at org.testng.TestRunner.run(TestRunner.java:607)
	at org.testng.SuiteRunner.runTest(SuiteRunner.java:368)
	at org.testng.SuiteRunner.runSequentially(SuiteRunner.java:363)
	at org.testng.SuiteRunner.privateRun(SuiteRunner.java:321)
	at org.testng.SuiteRunner.run(SuiteRunner.java:270)
	at org.testng.SuiteRunnerWorker.runSuite(SuiteRunnerWorker.java:52)
	at org.testng.SuiteRunnerWorker.run(SuiteRunnerWorker.java:86)
	at org.testng.TestNG.runSuitesSequentially(TestNG.java:1284)
	at org.testng.TestNG.runSuitesLocally(TestNG.java:1209)
	at org.testng.TestNG.runSuites(TestNG.java:1124)
	at org.testng.TestNG.run(TestNG.java:1096)
	at org.testng.remote.AbstractRemoteTestNG.run(AbstractRemoteTestNG.java:132)
	at org.testng.remote.RemoteTestNG.initAndRun(RemoteTestNG.java:236)
	at org.testng.remote.RemoteTestNG.main(RemoteTestNG.java:81)
]]>
            </full-stacktrace>
          </exception> <!-- java.lang.NullPointerException -->
          <reporter-output>
          </reporter-output>
        </test-method> <!-- negativeTestOne -->
        <test-method status="PASS" signature="positiveTest(java.lang.String, java.lang.String)[pri:0, instance:by.tc.ts.test.unit.SetNewSubjectTest@7bd7d6d6]" name="positiveTest" duration-ms="266" started-at="2016-10-27T20:46:04Z" data-provider="setNewSubjectPositiveTest" finished-at="2016-10-27T20:46:04Z">
          <params>
            <param index="0">
              <value>
                <![CDATA[MATH]]>
              </value>
            </param>
            <param index="1">
              <value>
                <![CDATA[CREATE_NEW_SUBJECT]]>
              </value>
            </param>
          </params>
          <reporter-output>
          </reporter-output>
        </test-method> <!-- positiveTest -->
      </class> <!-- by.tc.ts.test.unit.SetNewSubjectTest -->
    </test> <!-- Test -->
  </suite> <!-- Suite -->
</testng-results>
